<?xml version="1.0" encoding="UTF-8"?>
<testsuite xmlns:xsi="http://www.w3.org/2001/XMLSchema-instance" xsi:noNamespaceSchemaLocation="https://maven.apache.org/surefire/maven-surefire-plugin/xsd/surefire-test-report.xsd" name="CoffeeDecoratorTest" time="0.019" tests="10" errors="0" skipped="0" failures="0">
  <properties>
[...]
</properties>
  <testcase name="testExtraShotOnly" classname="CoffeeDecoratorTest" time="0.009"/>
  <testcase name="testMultipleAddOns" classname="CoffeeDecoratorTest" time="0.001"/>
  <testcase name="testRemoveMultipleAddOns" classname="CoffeeDecoratorTest" time="0"/>
  <testcase name="testSugarOnly" classname="CoffeeDecoratorTest" time="0.001"/>
  <testcase name="testBasicCoffeeCost" classname="CoffeeDecoratorTest" time="0"/>
  <testcase name="testSyrupOnly" classname="CoffeeDecoratorTest" time="0"/>
  <testcase name="testCreamOnly" classname="CoffeeDecoratorTest" time="0.001"/>
  <testcase name="testBlendOnly" classname="CoffeeDecoratorTest" time="0"/>
  <testcase name="testRemoveExtraShot" classname="CoffeeDecoratorTest" time="0.001"/>
  <testcase name="testResetOrder" classname="CoffeeDecoratorTest" time="0"/>
</testsuite>